<?xml version="1.0" encoding="UTF-8"?>
<!-- Generated by org.testng.reporters.JUnitXMLReporter -->
<testsuite hostname="DayaNithya" ignored="1" name="Test" tests="3" failures="0" timestamp="2022-01-02T11:43:28 IST" time="0.053" errors="0">
  <testcase name="BrowserAutomation" time="0.005" classname="qaclickacademy.MavenJava.SeleniumTest"/>
  <testcase name="elementUi" time="0.001" classname="qaclickacademy.MavenJava.SeleniumTest"/>
  <testcase name="IOSApps" time="0.001" classname="qaclickacademy.MavenJava.AppiumTest"/>
  <testcase name="NativeAppsAndroid" time="0.0" classname="qaclickacademy.MavenJava.AppiumTest">
    <ignored/>
  </testcase> <!-- NativeAppsAndroid -->
</testsuite> <!-- Test -->
