<?xml version="1.0" encoding="UTF-8"?>
<testng-results skipped="0" failed="0" ignored="1" total="4" passed="3">
  <reporter-output>
  </reporter-output>
  <suite name="Suite" duration-ms="53" started-at="2022-01-02T11:43:27 IST" finished-at="2022-01-02T11:43:28 IST">
    <groups>
    </groups>
    <test name="Test" duration-ms="53" started-at="2022-01-02T11:43:27 IST" finished-at="2022-01-02T11:43:28 IST">
      <class name="qaclickacademy.MavenJava.SeleniumTest">
        <test-method status="PASS" signature="BrowserAutomation()[pri:0, instance:qaclickacademy.MavenJava.SeleniumTest@7a1ebcd8]" name="BrowserAutomation" duration-ms="5" started-at="2022-01-02T11:43:28 IST" finished-at="2022-01-02T11:43:28 IST">
          <reporter-output>
          </reporter-output>
        </test-method> <!-- BrowserAutomation -->
        <test-method status="PASS" signature="elementUi()[pri:0, instance:qaclickacademy.MavenJava.SeleniumTest@7a1ebcd8]" name="elementUi" duration-ms="1" started-at="2022-01-02T11:43:28 IST" finished-at="2022-01-02T11:43:28 IST">
          <reporter-output>
          </reporter-output>
        </test-method> <!-- elementUi -->
      </class> <!-- qaclickacademy.MavenJava.SeleniumTest -->
      <class name="qaclickacademy.MavenJava.AppiumTest">
        <test-method status="PASS" signature="IOSApps()[pri:0, instance:qaclickacademy.MavenJava.AppiumTest@78e67e0a]" name="IOSApps" duration-ms="1" started-at="2022-01-02T11:43:28 IST" finished-at="2022-01-02T11:43:28 IST">
          <reporter-output>
          </reporter-output>
        </test-method> <!-- IOSApps -->
      </class> <!-- qaclickacademy.MavenJava.AppiumTest -->
    </test> <!-- Test -->
  </suite> <!-- Suite -->
</testng-results>
